<?xml version="1.0" encoding="UTF-8"?>
<!-- Generated by org.testng.reporters.JUnitReportReporter -->
<testsuite hostname="RavikiranDESKTOP-GLPREHU" failures="0" tests="1" name="organizationtest.CreateOrganizationWithIndustryTest" time="15.464" errors="0" timestamp="2022-03-24T15:07:18 IST" skipped="0">
  <testcase classname="organizationtest.CreateOrganizationWithIndustryTest" name="CreateOrganizationWithIndustry" time="15.464"/>
  <system-out/>
</testsuite> <!-- organizationtest.CreateOrganizationWithIndustryTest -->
