<?xml version="1.0" encoding="UTF-8"?>
<!-- Generated by org.testng.reporters.JUnitReportReporter -->
<testsuite hostname="RavikiranDESKTOP-GLPREHU" failures="0" tests="1" name="PracticeTestNg.CreateOpportunitiesTC_18Test" time="15.023" errors="0" timestamp="2022-03-16T17:26:29 IST" skipped="0">
  <testcase classname="PracticeTestNg.CreateOpportunitiesTC_18Test" name="createOpportunity" time="15.023"/>
  <system-out/>
</testsuite> <!-- PracticeTestNg.CreateOpportunitiesTC_18Test -->
