<?xml version="1.0" encoding="UTF-8"?>
<!-- Generated by org.testng.reporters.JUnitReportReporter -->
<testsuite hostname="RavikiranDESKTOP-GLPREHU" failures="0" tests="1" name="opportunitiestest.CreateOpportunitiesTC_19Test" time="16.598" errors="0" timestamp="2022-03-24T15:07:18 IST" skipped="0">
  <testcase classname="opportunitiestest.CreateOpportunitiesTC_19Test" name="createOpportunities" time="16.598"/>
  <system-out/>
</testsuite> <!-- opportunitiestest.CreateOpportunitiesTC_19Test -->
