<?xml version="1.0" encoding="UTF-8"?>
<!-- Generated by org.testng.reporters.JUnitReportReporter -->
<testsuite hostname="RavikiranDESKTOP-GLPREHU" failures="0" tests="1" name="sampletest.Testng2" time="6.414" errors="0" timestamp="2022-03-15T16:23:48 IST" skipped="0">
  <testcase classname="sampletest.Testng2" name="Createorganization" time="6.414"/>
  <system-out/>
</testsuite> <!-- sampletest.Testng2 -->
