<?xml version="1.0" encoding="UTF-8"?>
<!-- Generated by org.testng.reporters.JUnitReportReporter -->
<testsuite hostname="RavikiranDESKTOP-GLPREHU" failures="0" tests="1" name="sampletest.GroupTestexe1" time="0.013" errors="0" timestamp="2022-03-15T17:27:04 IST" skipped="0">
  <testcase classname="sampletest.GroupTestexe1" name="PerformenceTesting" time="0.013"/>
  <system-out/>
</testsuite> <!-- sampletest.GroupTestexe1 -->
