<?xml version="1.0" encoding="UTF-8"?>
<!-- Generated by org.testng.reporters.JUnitReportReporter -->
<testsuite hostname="RavikiranDESKTOP-GLPREHU" failures="0" tests="5" name="sampletest.CreateContactsTestNGTest" time="81.930" errors="0" timestamp="2022-03-14T13:15:57 IST" skipped="0">
  <testcase classname="sampletest.CreateContactsTestNGTest" name="MultipleData" time="16.028"/>
  <system-out/>
  <testcase classname="sampletest.CreateContactsTestNGTest" name="MultipleData" time="16.787"/>
  <system-out/>
  <testcase classname="sampletest.CreateContactsTestNGTest" name="MultipleData" time="15.566"/>
  <system-out/>
  <testcase classname="sampletest.CreateContactsTestNGTest" name="MultipleData" time="17.523"/>
  <system-out/>
  <testcase classname="sampletest.CreateContactsTestNGTest" name="MultipleData" time="16.026"/>
  <system-out/>
</testsuite> <!-- sampletest.CreateContactsTestNGTest -->
