<?xml version="1.0" encoding="UTF-8"?>
<!-- Generated by org.testng.reporters.JUnitReportReporter -->
<testsuite hostname="RavikiranDESKTOP-GLPREHU" failures="0" tests="1" name="sampletest.GroupTestexe2" time="0.002" errors="0" timestamp="2022-03-15T17:09:34 IST" skipped="0">
  <testcase classname="sampletest.GroupTestexe2" name="SmokeTesting" time="0.002"/>
  <system-out/>
</testsuite> <!-- sampletest.GroupTestexe2 -->
