<?xml version="1.0" encoding="UTF-8"?>
<!-- Generated by org.testng.reporters.JUnitReportReporter -->
<testsuite hostname="RavikiranDESKTOP-GLPREHU" failures="0" tests="1" name="PracticeTestNg.CreateContactTest" time="20.651" errors="0" timestamp="2022-03-16T17:17:15 IST" skipped="0">
  <testcase classname="PracticeTestNg.CreateContactTest" name="CreateContact" time="20.651"/>
  <system-out/>
</testsuite> <!-- PracticeTestNg.CreateContactTest -->
