<?xml version="1.0" encoding="UTF-8"?>
<!-- Generated by org.testng.reporters.JUnitReportReporter -->
<testsuite hostname="RavikiranDESKTOP-GLPREHU" failures="0" tests="1" name="PracticeTestNg.CreateOrganizationTest" time="33.179" errors="0" timestamp="2022-03-16T15:51:44 IST" skipped="0">
  <testcase classname="PracticeTestNg.CreateOrganizationTest" name="LoginOrganization" time="33.179"/>
  <system-out/>
</testsuite> <!-- PracticeTestNg.CreateOrganizationTest -->
