<?xml version="1.0" encoding="UTF-8"?>
<!-- Generated by org.testng.reporters.JUnitReportReporter -->
<testsuite hostname="RavikiranDESKTOP-GLPREHU" failures="0" tests="1" name="contactstest.CreateContactTest" time="18.923" errors="0" timestamp="2022-03-24T15:06:08 IST" skipped="0">
  <testcase classname="contactstest.CreateContactTest" name="CreateContact" time="18.923"/>
  <system-out/>
</testsuite> <!-- contactstest.CreateContactTest -->
