<?xml version="1.0" encoding="UTF-8"?>
<!-- Generated by org.testng.reporters.JUnitReportReporter -->
<testsuite hostname="RavikiranDESKTOP-GLPREHU" failures="0" tests="1" name="productstest.Producttest" time="13.037" errors="0" timestamp="2022-03-24T15:06:07 IST" skipped="0">
  <testcase classname="productstest.Producttest" name="CreateProduct" time="13.037"/>
  <system-out/>
</testsuite> <!-- productstest.Producttest -->
