<?xml version="1.0" encoding="UTF-8"?>
<!-- Generated by org.testng.reporters.JUnitReportReporter -->
<testsuite hostname="AbhishekMS" failures="0" tests="1" name="com.crm.vitigersample.SamplecheckTest" time="0.019" errors="0" timestamp="2022-03-24T14:18:05 IST" skipped="0">
  <testcase classname="com.crm.vitigersample.SamplecheckTest" name="check" time="0.019"/>
  <system-out/>
</testsuite> <!-- com.crm.vitigersample.SamplecheckTest -->
