<?xml version="1.0" encoding="UTF-8"?>
<!-- Generated by org.testng.reporters.JUnitReportReporter -->
<testsuite hostname="RavikiranDESKTOP-GLPREHU" failures="0" tests="2" name="com.crm.vitigersample.CreatorgsampleTest" time="0.016" errors="0" timestamp="2022-03-24T12:19:33 IST" skipped="0">
  <testcase classname="com.crm.vitigersample.CreatorgsampleTest" name="Createorg2" time="0.013"/>
  <system-out/>
  <testcase classname="com.crm.vitigersample.CreatorgsampleTest" name="Creatorg" time="0.003"/>
  <system-out/>
</testsuite> <!-- com.crm.vitigersample.CreatorgsampleTest -->
